#
# There is insufficient memory for the Java Runtime Environment to continue.
# Native memory allocation (mmap) failed to map 65536 bytes for Failed to commit metaspace.
# Possible reasons:
#   The system is out of physical RAM or swap space
#   The process is running with CompressedOops enabled, and the Java Heap may be blocking the growth of the native heap
# Possible solutions:
#   Reduce memory load on the system
#   Increase physical memory or swap space
#   Check if swap backing store is full
#   Decrease Java heap size (-Xmx/-Xms)
#   Decrease number of Java threads
#   Decrease Java thread stack sizes (-Xss)
#   Set larger code cache with -XX:ReservedCodeCacheSize=
#   JVM is running with Unscaled Compressed Oops mode in which the Java heap is
#     placed in the first 4GB address space. The Java Heap base address is the
#     maximum limit for the native heap growth. Please use -XX:HeapBaseMinAddress
#     to set the Java Heap base and to place the Java Heap above 4GB virtual address.
# This output file may be truncated or incomplete.
#
#  Out of Memory Error (virtualSpaceNode.cpp:110), pid=18036, tid=17856
#
# JRE version:  (19.0.2+7) (build )
# Java VM: Java HotSpot(TM) 64-Bit Server VM (19.0.2+7-44, mixed mode, tiered, compressed oops, compressed class ptrs, g1 gc, windows-amd64)
# No core dump will be written. Minidumps are not enabled by default on client versions of Windows
#

---------------  S U M M A R Y ------------

Command Line: -Dfile.encoding=UTF-8 --module-path=C:\Users\bonjour\eclipse-workspace\ProjetGestionHopitale\bin;C:\Users\bonjour\.p2\pool\plugins\junit-jupiter-api_5.9.1.jar;C:\Users\bonjour\.p2\pool\plugins\junit-jupiter-engine_5.9.1.jar;C:\Users\bonjour\.p2\pool\plugins\junit-jupiter-migrationsupport_5.9.1.jar;C:\Users\bonjour\.p2\pool\plugins\junit-jupiter-params_5.9.1.jar;C:\Users\bonjour\.p2\pool\plugins\junit-platform-commons_1.9.1.jar;C:\Users\bonjour\.p2\pool\plugins\junit-platform-engine_1.9.1.jar;C:\Users\bonjour\.p2\pool\plugins\junit-platform-launcher_1.9.1.jar;C:\Users\bonjour\.p2\pool\plugins\junit-platform-runner_1.9.1.jar;C:\Users\bonjour\.p2\pool\plugins\junit-platform-suite-api_1.9.1.jar;C:\Users\bonjour\.p2\pool\plugins\junit-platform-suite-engine_1.9.1.jar;C:\Users\bonjour\.p2\pool\plugins\junit-platform-suite-commons_1.9.1.jar;C:\Users\bonjour\.p2\pool\plugins\junit-vintage-engine_5.9.1.jar;C:\Users\bonjour\.p2\pool\plugins\org.opentest4j_1.2.0.jar;C:\Users\bonjour\.p2\pool\plugins\org.apiguardian.api_1.1.2.jar;C:\Users\bonjour\.p2\pool\plugins\org.junit_4.13.2.v20211018-1956.jar;C:\Users\bonjour\.p2\pool\plugins\org.hamcrest.core_1.3.0.v20180420-1519.jar -XX:+ShowCodeDetailsInExceptionMessages -Djdk.module.main=ProjetGestionHopitale ProjetGestionHopitale/Main.Main

Host: Intel(R) Core(TM) m3-6Y30 CPU @ 0.90GHz, 4 cores, 3G,  Windows 10 , 64 bit Build 19041 (10.0.19041.2913)
Time: Fri May 12 23:01:26 2023 Paris, Madrid (heure duild 19041 (10.0.19041.2913) elapsed time: 0.188041 seconds (0d 0h 0m 0s)

---------------  T H R E A D  ---------------

Current thread (0x000001d8d5c24120):  JavaThread "main" [_thread_in_vm, id=17856, stack(0x0000005665800000,0x0000005665900000)]

Stack: [0x0000005665800000,0x0000005665900000]
Native frames: (J=compiled Java code, j=interpreted, Vv=VM code, C=native code)
V  [jvm.dll+0x6ee21a]
V  [jvm.dll+0x85765e]
V  [jvm.dll+0x85904e]
V  [jvm.dll+0x859703]
V  [jvm.dll+0x28298f]
V  [jvm.dll+0x8532db]
V  [jvm.dll+0x692cb6]
V  [jvm.dll+0x692d1a]
V  [jvm.dll+0x695613]
V  [jvm.dll+0x6954de]
V  [jvm.dll+0x6936de]
V  [jvm.dll+0x69dd07]
V  [jvm.dll+0x21e072]
V  [jvm.dll+0x21e5a5]
V  [jvm.dll+0x21ef01]
V  [jvm.dll+0x2146a1]
V  [jvm.dll+0x5a9cb6]
V  [jvm.dll+0x2257aa]
V  [jvm.dll+0x7cc802]
V  [jvm.dll+0x7cdc4a]
V  [jvm.dll+0x7cdf78]
V  [jvm.dll+0x271e1b]
V  [jvm.dll+0x27203f]
V  [jvm.dll+0x5cb4e8]
V  [jvm.dll+0x5ce447]
V  [jvm.dll+0x3ddda7]
V  [jvm.dll+0x3dd3ff]
C  0x000001d8e68dc0a1

Java frames: (J=compiled Java code, j=interpreted, Vv=VM code)
j  java.lang.Throwable.<clinit>()V+23 java.base
v  ~StubRoutines::call_stub 0x000001d8e68b100e
j  java.lang.Thread.start0()V+0 java.base
j  java.lang.Thread.start()V+23 java.base
j  java.lang.ref.Reference.startReferenceHandlerThread(Ljava/lang/ThreadGroup;)V+23 java.base
j  java.lang.ref.Reference$1.startThreads()V+24 java.base
j  java.lang.System.initPhase1()V+173 java.base
v  ~StubRoutines::call_stub 0x000001d8e68b100e

---------------  P R O C E S S  ---------------

Threads class SMR info:
_java_thread_list=0x000001d8801590f0, length=1, elements={
0x000001d8d5c24120
}

Java Threads: ( => current thread )
=>0x000001d8d5c24120 JavaThread "main" [_thread_in_vm, id=17856, stack(0x0000005665800000,0x0000005665900000)]

Other Threads:
  0x000001d8d5cee330 VMThread "VM Thread" [stack: 0x0000005665e00000,0x0000005665f00000] [id=18412]
  0x000001d8d5c65850 WorkerThread "GC Thread#0" [stack: 0x0000005665900000,0x0000005665a00000] [id=17860]
  0x000001d8d5c6e650 ConcurrentGCThread "G1 Main Marker" [stack: 0x0000005665a00000,0x0000005665b00000] [id=17852]
  0x000001d8d5c70830 WorkerThread "G1 Conc#0" [stack: 0x0000005665b00000,0x0000005665c00000] [id=17828]
  0x000001d8d5ccac90 ConcurrentGCThread "G1 Refine#0" [stack: 0x0000005665c00000,0x0000005665d00000] [id=17820]
  0x000001d8d5ccb3e0 ConcurrentGCThread "G1 Service" [stack: 0x0000005665d00000,0x0000005665e00000] [id=17328]

Threads with active compile tasks:

VM state: not at safepoint (normal execution)

VM Mutex/Monitor currently owned by a thread:  ([mutex/lock_event])
[0x000001d8d5c1d120] Metaspace_lock - owner thread: 0x000001d8d5c24120

Heap address: 0x00000000c1800000, size: 1000 MB, Compressed Oops mode: 32-bit

CDS archive(s) not mapped
Compressed class space mapped at: 0x0000000100000000-0x0000000140000000, reserved size: 1073741824
Narrow klass base: 0x0000000000000000, Narrow klass shift: 3, Narrow klass range: 0x140000000

GC Precious Log:
 CardTable entry size: 512
 Card Set container configuration: InlinePtr #cards 5 size 8 Array Of Cards #cards 12 size 40 Howl #buckets 4 coarsen threshold 1843 Howl Bitmap #cards 512 size 80 coarsen threshold 460 Card regions per heap region 1 cards per card region 2048
 CPUs: 4 total, 4 available
 Memory: 3992M
 Large Page Support: Disabled
 NUMA Support: Disabled
 Compressed Oops: Enabled (32-bit)
 Heap Region Size: 1M
 Heap Min Capacity: 8M
 Heap Initial Capacity: 64M
 Heap Max Capacity: 1000M
 Pre-touch: Disabled
 Parallel Workers: 4
 Concurrent Workers: 1
 Concurrent Refinement Workers: 4
 Periodic GC: Disabled

Heap:
 garbage-first heap   total 65536K, used 0K [0x00000000c1800000, 0x0000000100000000)
  region size 1024K, 1 young (1024K), 0 survivors (0K)
 Metaspace       used 2764K, committed 2816K, reserved 1114112K
  class space    used 204K, committed 256K, reserved 1048576K

Heap Regions: E=young(eden), S=young(survivor), O=old, HS=humongous(starts), HC=humongous(continues), CS=collection set, F=free, OA=open archive, CA=closed archive, TAMS=top-at-mark-start (previous, next)
|   0|0x00000000c1800000, 0x00000000c1800000, 0x00000000c1900000|  0%| F|  |TAMS 0x00000000c1800000, 0x00000000c1800000| Untracked 
|   1|0x00000000c1900000, 0x00000000c1900000, 0x00000000c1a00000|  0%| F|  |TAMS 0x00000000c1900000, 0x00000000c1900000| Untracked 
|   2|0x00000000c1a00000, 0x00000000c1a00000, 0x00000000c1b00000|  0%| F|  |TAMS 0x00000000c1a00000, 0x00000000c1a00000| Untracked 
|   3|0x00000000c1b00000, 0x00000000c1b00000, 0x00000000c1c00000|  0%| F|  |TAMS 0x00000000c1b00000, 0x00000000c1b00000| Untracked 
|   4|0x00000000c1c00000, 0x00000000c1c00000, 0x00000000c1d00000|  0%| F|  |TAMS 0x00000000c1c00000, 0x00000000c1c00000| Untracked 
|   5|0x00000000c1d00000, 0x00000000c1d00000, 0x00000000c1e00000|  0%| F|  |TAMS 0x00000000c1d00000, 0x00000000c1d00000| Untracked 
|   6|0x00000000c1e00000, 0x00000000c1e00000, 0x00000000c1f00000|  0%| F|  |TAMS 0x00000000c1e00000, 0x00000000c1e00000| Untracked 
|   7|0x00000000c1f00000, 0x00000000c1f00000, 0x00000000c2000000|  0%| F|  |TAMS 0x00000000c1f00000, 0x00000000c1f00000| Untracked 
|   8|0x00000000c2000000, 0x00000000c2000000, 0x00000000c2100000|  0%| F|  |TAMS 0x00000000c2000000, 0x00000000c2000000| Untracked 
|   9|0x00000000c2100000, 0x00000000c2100000, 0x00000000c2200000|  0%| F|  |TAMS 0x00000000c2100000, 0x00000000c2100000| Untracked 
|  10|0x00000000c2200000, 0x00000000c2200000, 0x00000000c2300000|  0%| F|  |TAMS 0x00000000c2200000, 0x00000000c2200000| Untracked 
|  11|0x00000000c2300000, 0x00000000c2300000, 0x00000000c2400000|  0%| F|  |TAMS 0x00000000c2300000, 0x00000000c2300000| Untracked 
|  12|0x00000000c2400000, 0x00000000c2400000, 0x00000000c2500000|  0%| F|  |TAMS 0x00000000c2400000, 0x00000000c2400000| Untracked 
|  13|0x00000000c2500000, 0x00000000c2500000, 0x00000000c2600000|  0%| F|  |TAMS 0x00000000c2500000, 0x00000000c2500000| Untracked 
|  14|0x00000000c2600000, 0x00000000c2600000, 0x00000000c2700000|  0%| F|  |TAMS 0x00000000c2600000, 0x00000000c2600000| Untracked 
|  15|0x00000000c2700000, 0x00000000c2700000, 0x00000000c2800000|  0%| F|  |TAMS 0x00000000c2700000, 0x00000000c2700000| Untracked 
|  16|0x00000000c2800000, 0x00000000c2800000, 0x00000000c2900000|  0%| F|  |TAMS 0x00000000c2800000, 0x00000000c2800000| Untracked 
|  17|0x00000000c2900000, 0x00000000c2900000, 0x00000000c2a00000|  0%| F|  |TAMS 0x00000000c2900000, 0x00000000c2900000| Untracked 
|  18|0x00000000c2a00000, 0x00000000c2a00000, 0x00000000c2b00000|  0%| F|  |TAMS 0x00000000c2a00000, 0x00000000c2a00000| Untracked 
|  19|0x00000000c2b00000, 0x00000000c2b00000, 0x00000000c2c00000|  0%| F|  |TAMS 0x00000000c2b00000, 0x00000000c2b00000| Untracked 
|  20|0x00000000c2c00000, 0x00000000c2c00000, 0x00000000c2d00000|  0%| F|  |TAMS 0x00000000c2c00000, 0x00000000c2c00000| Untracked 
|  21|0x00000000c2d00000, 0x00000000c2d00000, 0x00000000c2e00000|  0%| F|  |TAMS 0x00000000c2d00000, 0x00000000c2d00000| Untracked 
|  22|0x00000000c2e00000, 0x00000000c2e00000, 0x00000000c2f00000|  0%| F|  |TAMS 0x00000000c2e00000, 0x00000000c2e00000| Untracked 
|  23|0x00000000c2f00000, 0x00000000c2f00000, 0x00000000c3000000|  0%| F|  |TAMS 0x00000000c2f00000, 0x00000000c2f00000| Untracked 
|  24|0x00000000c3000000, 0x00000000c3000000, 0x00000000c3100000|  0%| F|  |TAMS 0x00000000c3000000, 0x00000000c3000000| Untracked 
|  25|0x00000000c3100000, 0x00000000c3100000, 0x00000000c3200000|  0%| F|  |TAMS 0x00000000c3100000, 0x00000000c3100000| Untracked 
|  26|0x00000000c3200000, 0x00000000c3200000, 0x00000000c3300000|  0%| F|  |TAMS 0x00000000c3200000, 0x00000000c3200000| Untracked 
|  27|0x00000000c3300000, 0x00000000c3300000, 0x00000000c3400000|  0%| F|  |TAMS 0x00000000c3300000, 0x00000000c3300000| Untracked 
|  28|0x00000000c3400000, 0x00000000c3400000, 0x00000000c3500000|  0%| F|  |TAMS 0x00000000c3400000, 0x00000000c3400000| Untracked 
|  29|0x00000000c3500000, 0x00000000c3500000, 0x00000000c3600000|  0%| F|  |TAMS 0x00000000c3500000, 0x00000000c3500000| Untracked 
|  30|0x00000000c3600000, 0x00000000c3600000, 0x00000000c3700000|  0%| F|  |TAMS 0x00000000c3600000, 0x00000000c3600000| Untracked 
|  31|0x00000000c3700000, 0x00000000c3700000, 0x00000000c3800000|  0%| F|  |TAMS 0x00000000c3700000, 0x00000000c3700000| Untracked 
|  32|0x00000000c3800000, 0x00000000c3800000, 0x00000000c3900000|  0%| F|  |TAMS 0x00000000c3800000, 0x00000000c3800000| Untracked 
|  33|0x00000000c3900000, 0x00000000c3900000, 0x00000000c3a00000|  0%| F|  |TAMS 0x00000000c3900000, 0x00000000c3900000| Untracked 
|  34|0x00000000c3a00000, 0x00000000c3a00000, 0x00000000c3b00000|  0%| F|  |TAMS 0x00000000c3a00000, 0x00000000c3a00000| Untracked 
|  35|0x00000000c3b00000, 0x00000000c3b00000, 0x00000000c3c00000|  0%| F|  |TAMS 0x00000000c3b00000, 0x00000000c3b00000| Untracked 
|  36|0x00000000c3c00000, 0x00000000c3c00000, 0x00000000c3d00000|  0%| F|  |TAMS 0x00000000c3c00000, 0x00000000c3c00000| Untracked 
|  37|0x00000000c3d00000, 0x00000000c3d00000, 0x00000000c3e00000|  0%| F|  |TAMS 0x00000000c3d00000, 0x00000000c3d00000| Untracked 
|  38|0x00000000c3e00000, 0x00000000c3e00000, 0x00000000c3f00000|  0%| F|  |TAMS 0x00000000c3e00000, 0x00000000c3e00000| Untracked 
|  39|0x00000000c3f00000, 0x00000000c3f00000, 0x00000000c4000000|  0%| F|  |TAMS 0x00000000c3f00000, 0x00000000c3f00000| Untracked 
|  40|0x00000000c4000000, 0x00000000c4000000, 0x00000000c4100000|  0%| F|  |TAMS 0x00000000c4000000, 0x00000000c4000000| Untracked 
|  41|0x00000000c4100000, 0x00000000c4100000, 0x00000000c4200000|  0%| F|  |TAMS 0x00000000c4100000, 0x00000000c4100000| Untracked 
|  42|0x00000000c4200000, 0x00000000c4200000, 0x00000000c4300000|  0%| F|  |TAMS 0x00000000c4200000, 0x00000000c4200000| Untracked 
|  43|0x00000000c4300000, 0x00000000c4300000, 0x00000000c4400000|  0%| F|  |TAMS 0x00000000c4300000, 0x00000000c4300000| Untracked 
|  44|0x00000000c4400000, 0x00000000c4400000, 0x00000000c4500000|  0%| F|  |TAMS 0x00000000c4400000, 0x00000000c4400000| Untracked 
|  45|0x00000000c4500000, 0x00000000c4500000, 0x00000000c4600000|  0%| F|  |TAMS 0x00000000c4500000, 0x00000000c4500000| Untracked 
|  46|0x00000000c4600000, 0x00000000c4600000, 0x00000000c4700000|  0%| F|  |TAMS 0x00000000c4600000, 0x00000000c4600000| Untracked 
|  47|0x00000000c4700000, 0x00000000c4700000, 0x00000000c4800000|  0%| F|  |TAMS 0x00000000c4700000, 0x00000000c4700000| Untracked 
|  48|0x00000000c4800000, 0x00000000c4800000, 0x00000000c4900000|  0%| F|  |TAMS 0x00000000c4800000, 0x00000000c4800000| Untracked 
|  49|0x00000000c4900000, 0x00000000c4900000, 0x00000000c4a00000|  0%| F|  |TAMS 0x00000000c4900000, 0x00000000c4900000| Untracked 
|  50|0x00000000c4a00000, 0x00000000c4a00000, 0x00000000c4b00000|  0%| F|  |TAMS 0x00000000c4a00000, 0x00000000c4a00000| Untracked 
|  51|0x00000000c4b00000, 0x00000000c4b00000, 0x00000000c4c00000|  0%| F|  |TAMS 0x00000000c4b00000, 0x00000000c4b00000| Untracked 
|  52|0x00000000c4c00000, 0x00000000c4c00000, 0x00000000c4d00000|  0%| F|  |TAMS 0x00000000c4c00000, 0x00000000c4c00000| Untracked 
|  53|0x00000000c4d00000, 0x00000000c4d00000, 0x00000000c4e00000|  0%| F|  |TAMS 0x00000000c4d00000, 0x00000000c4d00000| Untracked 
|  54|0x00000000c4e00000, 0x00000000c4e00000, 0x00000000c4f00000|  0%| F|  |TAMS 0x00000000c4e00000, 0x00000000c4e00000| Untracked 
|  55|0x00000000c4f00000, 0x00000000c4f00000, 0x00000000c5000000|  0%| F|  |TAMS 0x00000000c4f00000, 0x00000000c4f00000| Untracked 
|  56|0x00000000c5000000, 0x00000000c5000000, 0x00000000c5100000|  0%| F|  |TAMS 0x00000000c5000000, 0x00000000c5000000| Untracked 
|  57|0x00000000c5100000, 0x00000000c5100000, 0x00000000c5200000|  0%| F|  |TAMS 0x00000000c5100000, 0x00000000c5100000| Untracked 
|  58|0x00000000c5200000, 0x00000000c5200000, 0x00000000c5300000|  0%| F|  |TAMS 0x00000000c5200000, 0x00000000c5200000| Untracked 
|  59|0x00000000c5300000, 0x00000000c5300000, 0x00000000c5400000|  0%| F|  |TAMS 0x00000000c5300000, 0x00000000c5300000| Untracked 
|  60|0x00000000c5400000, 0x00000000c5400000, 0x00000000c5500000|  0%| F|  |TAMS 0x00000000c5400000, 0x00000000c5400000| Untracked 
|  61|0x00000000c5500000, 0x00000000c5500000, 0x00000000c5600000|  0%| F|  |TAMS 0x00000000c5500000, 0x00000000c5500000| Untracked 
|  62|0x00000000c5600000, 0x00000000c5600000, 0x00000000c5700000|  0%| F|  |TAMS 0x00000000c5600000, 0x00000000c5600000| Untracked 
|  63|0x00000000c5700000, 0x00000000c5742960, 0x00000000c5800000| 26%| E|  |TAMS 0x00000000c5700000, 0x00000000c5700000| Complete 

Card table byte_map: [0x000001d8eeba0000,0x000001d8eeda0000] _byte_map_base: 0x000001d8ee594000

Marking Bits (Prev, Next): (CMBitMap*) 0x000001d8d5c65e80, (CMBitMap*) 0x000001d8d5c65ec0
 Prev Bits: [0x000001d8eefa0000, 0x000001d8eff40000)
 Next Bits: [0x000001d8eff40000, 0x000001d8f0ee0000)

Polling page: 0x000001d8d5cf0000

Metaspace:

Usage:
  Non-class:      2.50 MB used.
      Class:    204.21 KB used.
       Both:      2.70 MB used.

Virtual space:
  Non-class space:       64.00 MB reserved,       2.50 MB (  4%) committed,  1 nodes.
      Class space:        1.00 GB reserved,     256.00 KB ( <1%) committed,  1 nodes.
             Both:        1.06 GB reserved,       2.75 MB ( <1%) committed. 

Chunk freelists:
   Non-Class:  0 bytes
       Class:  3.75 MB
        Both:  3.75 MB

MaxMetaspaceSize: unlimited
CompressedClassSpaceSize: 1.00 GB
Initial GC threshold: 21.00 MB
Current GC threshold: 17179869184.00 GB
CDS: off
MetaspaceReclaimPolicy: balanced
 - commit_granule_bytes: 65536.
 - commit_granule_words: 8192.
 - virtual_space_node_default_size: 8388608.
 - enlarge_chunks_in_place: 1.
 - new_chunks_are_fully_committed: 0.
 - uncommit_free_chunks: 1.
 - use_allocation_guard: 0.


Internal statistics:

num_allocs_failed_limit: 0.
num_arena_births: 2.
num_arena_deaths: 0.
num_vsnodes_births: 2.
num_vsnodes_deaths: 0.
num_space_committed: 44.
num_space_uncommitted: 0.
num_chunks_returned_to_freelist: 0.
num_chunks_taken_from_freelist: 3.
num_chunk_merges: 0.
num_chunk_splits: 1.
num_chunks_enlarged: 0.
num_inconsistent_stats: 0.

CodeHeap 'non-profiled nmethods': size=120000Kb used=0Kb max_used=0Kb free=120000Kb
 bounds [0x000001d8e6e50000, 0x000001d8e70c0000, 0x000001d8ee380000]
CodeHeap 'profiled nmethods': size=120000Kb used=0Kb max_used=0Kb free=120000Kb
 bounds [0x000001d8df380000, 0x000001d8df5f0000, 0x000001d8e68b0000]
CodeHeap 'non-nmethods': size=5760Kb used=486Kb max_used=486Kb free=5274Kb
 bounds [0x000001d8e68b0000, 0x000001d8e6b20000, 0x000001d8e6e50000]
 total_blobs=203 nmethods=0 adapters=174
 compilation: enabled
              stopped_count=0, restarted_count=0
 full_count=0

Compilation events (0 events):
No events

GC Heap History (0 events):
No events

Dll operation events (2 events):
Event: 0.016 Loaded shared library C:\Program Files\Java\jdk-19\bin\java.dll
Event: 0.108 Loaded shared library C:\Program Files\Java\jdk-19\bin\jsvml.dll

Deoptimization events (0 events):
No events

Classes loaded (20 events):
Event: 0.178 Loading class java/lang/Terminator$1 done
Event: 0.179 Loading class jdk/internal/misc/Signal
Event: 0.179 Loading class jdk/internal/misc/Signal done
Event: 0.179 Loading class java/util/Hashtable$Entry
Event: 0.179 Loading class java/util/Hashtable$Entry done
Event: 0.179 Loading class jdk/internal/misc/Signal$NativeHandler
Event: 0.179 Loading class jdk/internal/misc/Signal$NativeHandler done
Event: 0.179 Loading class java/lang/Integer$IntegerCache
Event: 0.179 Loading class java/lang/Integer$IntegerCache done
Event: 0.180 Loading class jdk/internal/misc/OSEnvironment
Event: 0.180 Loading class jdk/internal/misc/OSEnvironment done
Event: 0.180 Loading class sun/io/Win32ErrorMode
Event: 0.180 Loading class sun/io/Win32ErrorMode done
Event: 0.180 Loading class java/lang/Thread$State
Event: 0.181 Loading class java/lang/Thread$State done
Event: 0.181 Loading class java/lang/ref/Reference$ReferenceHandler
Event: 0.181 Loading class java/lang/ref/Reference$ReferenceHandler done
Event: 0.181 Loading class java/lang/Thread$ThreadIdentifiers
Event: 0.181 Loading class java/lang/Thread$ThreadIdentifiers done
Event: 0.183 Loading class java/util/Collections

Classes unloaded (0 events):
No events

Classes redefined (0 events):
No events

Internal exceptions (0 events):
No events

VM Operations (0 events):
No events

Events (1 events):
Event: 0.109 Thread 0x000001d8d5c24120 Thread added: 0x000001d8d5c24120


Dynamic libraries:
0x00007ff728900000 - 0x00007ff728910000 	C:\Program Files\Java\jdk-19\bin\javaw.exe
0x00007ff973370000 - 0x00007ff973568000 	C:\WINDOWS\SYSTEM32\ntdll.dll
0x00007ff94cb00000 - 0x00007ff94cb19000 	C:\Program Files\Avast Software\Avast\aswhook.dll
0x00007ff971fa0000 - 0x00007ff97205f000 	C:\WINDOWS\System32\KERNEL32.DLL
0x00007ff970ed0000 - 0x00007ff9711c6000 	C:\WINDOWS\System32\KERNELBASE.dll
0x00007ff970d40000 - 0x00007ff970e40000 	C:\WINDOWS\System32\ucrtbase.dll
0x00007ff93aa00000 - 0x00007ff93aa18000 	C:\Program Files\Java\jdk-19\bin\jli.dll
0x00007ff971650000 - 0x00007ff9716ff000 	C:\WINDOWS\System32\ADVAPI32.dll
0x00007ff9715b0000 - 0x00007ff97164e000 	C:\WINDOWS\System32\msvcrt.dll
0x00007ff971790000 - 0x00007ff97182c000 	C:\WINDOWS\System32\sechost.dll
0x00007ff972830000 - 0x00007ff972956000 	C:\WINDOWS\System32\RPCRT4.dll
0x00007ff971a00000 - 0x00007ff971b9d000 	C:\WINDOWS\System32\USER32.dll
0x00007ff971250000 - 0x00007ff971272000 	C:\WINDOWS\System32\win32u.dll
0x00007ff973300000 - 0x00007ff97332c000 	C:\WINDOWS\System32\GDI32.dll
0x00007ff970bb0000 - 0x00007ff970cc5000 	C:\WINDOWS\System32\gdi32full.dll
0x00007ff971330000 - 0x00007ff9713cd000 	C:\WINDOWS\System32\msvcp_win.dll
0x00007ff931dc0000 - 0x00007ff931ddb000 	C:\Program Files\Java\jdk-19\bin\VCRUNTIME140.dll
0x00007ff950f30000 - 0x00007ff9511ca000 	C:\WINDOWS\WinSxS\amd64_microsoft.windows.common-controls_6595b64144ccf1df_6.0.19041.1110_none_60b5254171f9507e\COMCTL32.dll
0x00007ff96c0b0000 - 0x00007ff96c0ba000 	C:\WINDOWS\SYSTEM32\VERSION.dll
0x00007ff971580000 - 0x00007ff9715b0000 	C:\WINDOWS\System32\IMM32.DLL
0x00007ff93a9f0000 - 0x00007ff93a9fc000 	C:\Program Files\Java\jdk-19\bin\vcruntime140_1.dll
0x00007ff931d30000 - 0x00007ff931dbe000 	C:\Program Files\Java\jdk-19\bin\msvcp140.dll
0x00007ff90c060000 - 0x00007ff90cd20000 	C:\Program Files\Java\jdk-19\bin\server\jvm.dll
0x00007ff952620000 - 0x00007ff952647000 	C:\WINDOWS\SYSTEM32\WINMM.dll
0x00007ff965510000 - 0x00007ff965519000 	C:\WINDOWS\SYSTEM32\WSOCK32.dll
0x00007ff971d30000 - 0x00007ff971d9b000 	C:\WINDOWS\System32\WS2_32.dll
0x00007ff96f2d0000 - 0x00007ff96f2e2000 	C:\WINDOWS\SYSTEM32\kernel.appcore.dll
0x00007ff935e40000 - 0x00007ff935e4a000 	C:\Program Files\Java\jdk-19\bin\jimage.dll
0x00007ff96b740000 - 0x00007ff96b924000 	C:\WINDOWS\SYSTEM32\DBGHELP.DLL
0x00007ff96b700000 - 0x00007ff96b734000 	C:\WINDOWS\SYSTEM32\dbgcore.DLL
0x00007ff970e40000 - 0x00007ff970ec2000 	C:\WINDOWS\System32\bcryptPrimitives.dll
0x00007ff931d00000 - 0x00007ff931d26000 	C:\Program Files\Java\jdk-19\bin\java.dll
0x00007ff931c20000 - 0x00007ff931cf7000 	C:\Program Files\Java\jdk-19\bin\jsvml.dll
0x00007ff972960000 - 0x00007ff9730a4000 	C:\WINDOWS\System32\SHELL32.dll
0x00007ff96e930000 - 0x00007ff96f0c3000 	C:\WINDOWS\SYSTEM32\windows.storage.dll
0x00007ff9724d0000 - 0x00007ff972824000 	C:\WINDOWS\System32\combase.dll
0x00007ff9703d0000 - 0x00007ff9703fe000 	C:\WINDOWS\SYSTEM32\Wldp.dll
0x00007ff971ba0000 - 0x00007ff971c4d000 	C:\WINDOWS\System32\SHCORE.dll
0x00007ff971830000 - 0x00007ff971885000 	C:\WINDOWS\System32\shlwapi.dll
0x00007ff970990000 - 0x00007ff9709af000 	C:\WINDOWS\SYSTEM32\profapi.dll

dbghelp: loaded successfully - version: 4.0.5 - missing functions: none
symbol engine: initialized successfully - sym options: 0x614 - pdb path: .;C:\Program Files\Java\jdk-19\bin;C:\WINDOWS\SYSTEM32;C:\Program Files\Avast Software\Avast;C:\WINDOWS\WinSxS\amd64_microsoft.windows.common-controls_6595b64144ccf1df_6.0.19041.1110_none_60b5254171f9507e;C:\Program Files\Java\jdk-19\bin\server

VM Arguments:
jvm_args: -Dfile.encoding=UTF-8 --module-path=C:\Users\bonjour\eclipse-workspace\ProjetGestionHopitale\bin;C:\Users\bonjour\.p2\pool\plugins\junit-jupiter-api_5.9.1.jar;C:\Users\bonjour\.p2\pool\plugins\junit-jupiter-engine_5.9.1.jar;C:\Users\bonjour\.p2\pool\plugins\junit-jupiter-migrationsupport_5.9.1.jar;C:\Users\bonjour\.p2\pool\plugins\junit-jupiter-params_5.9.1.jar;C:\Users\bonjour\.p2\pool\plugins\junit-platform-commons_1.9.1.jar;C:\Users\bonjour\.p2\pool\plugins\junit-platform-engine_1.9.1.jar;C:\Users\bonjour\.p2\pool\plugins\junit-platform-launcher_1.9.1.jar;C:\Users\bonjour\.p2\pool\plugins\junit-platform-runner_1.9.1.jar;C:\Users\bonjour\.p2\pool\plugins\junit-platform-suite-api_1.9.1.jar;C:\Users\bonjour\.p2\pool\plugins\junit-platform-suite-engine_1.9.1.jar;C:\Users\bonjour\.p2\pool\plugins\junit-platform-suite-commons_1.9.1.jar;C:\Users\bonjour\.p2\pool\plugins\junit-vintage-engine_5.9.1.jar;C:\Users\bonjour\.p2\pool\plugins\org.opentest4j_1.2.0.jar;C:\Users\bonjour\.p2\pool\plugins\org.apiguardian.api_1.1.2.jar;C:\Users\bonjour\.p2\pool\plugins\org.junit_4.13.2.v20211018-1956.jar;C:\Users\bonjour\.p2\pool\plugins\org.hamcrest.core_1.3.0.v20180420-1519.jar -XX:+ShowCodeDetailsInExceptionMessages -Djdk.module.main=ProjetGestionHopitale 
java_command: ProjetGestionHopitale/Main.Main
java_class_path (initial): <not set>
Launcher Type: SUN_STANDARD

[Global flags]
     intx CICompilerCount                          = 3                                         {product} {ergonomic}
     uint ConcGCThreads                            = 1                                         {product} {ergonomic}
     uint G1ConcRefinementThreads                  = 4                                         {product} {ergonomic}
   size_t G1HeapRegionSize                         = 1048576                                   {product} {ergonomic}
    uintx GCDrainStackTargetSize                   = 64                                        {product} {ergonomic}
   size_t InitialHeapSize                          = 67108864                                  {product} {ergonomic}
   size_t MarkStackSize                            = 4194304                                   {product} {ergonomic}
   size_t MaxHeapSize                              = 1048576000                                {product} {ergonomic}
   size_t MaxNewSize                               = 629145600                                 {product} {ergonomic}
   size_t MinHeapDeltaBytes                        = 1048576                                   {product} {ergonomic}
   size_t MinHeapSize                              = 8388608                                   {product} {ergonomic}
    uintx NonNMethodCodeHeapSize                   = 5832780                                {pd product} {ergonomic}
    uintx NonProfiledCodeHeapSize                  = 122912730                              {pd product} {ergonomic}
    uintx ProfiledCodeHeapSize                     = 122912730                              {pd product} {ergonomic}
    uintx ReservedCodeCacheSize                    = 251658240                              {pd product} {ergonomic}
     bool SegmentedCodeCache                       = true                                      {product} {ergonomic}
     bool ShowCodeDetailsInExceptionMessages       = true                                   {manageable} {command line}
   size_t SoftMaxHeapSize                          = 1048576000                             {manageable} {ergonomic}
     bool UseCompressedClassPointers               = true                           {product lp64_product} {ergonomic}
     bool UseCompressedOops                        = true                           {product lp64_product} {ergonomic}
     bool UseG1GC                                  = true                                      {product} {ergonomic}
     bool UseLargePagesIndividualAllocation        = false                                  {pd product} {ergonomic}

Logging:
Log output configuration:
 #0: stdout all=warning uptime,level,tags foldmultilines=false
 #1: stderr all=off uptime,level,tags foldmultilines=false

Environment Variables:
PATH=C:\Program Files\Common Files\Oracle\Java\javapath;C:\Program Files (x86)\Intel\iCLS Client\;C:\Program Files\Intel\iCLS Client\;C:\WINDOWS\system32;C:\WINDOWS;C:\WINDOWS\System32\Wbem;C:\WINDOWS\System32\WindowsPowerShell\v1.0\;C:\Program Files (x86)\Intel\Intel(R) Management Engine Components\DAL;C:\Program Files\Intel\Intel(R) Management Engine Components\DAL;C:\Program Files (x86)\Intel\Intel(R) Management Engine Components\IPT;C:\Program Files\Intel\Intel(R) Management Engine Components\IPT;C:\Program Files\Intel\WiFi\bin\;C:\Program Files\Common Files\Intel\WirelessCommon\;C:\WINDOWS\System32\OpenSSH\;C:\Program Files\dotnet\;C:\Program Files\Java\jdk-19\bin;C:\Users\bonjour\AppData\Local\Programs\Python\Python311\Scripts\;C:\Users\bonjour\AppData\Local\Programs\Python\Python311\;C:\Users\bonjour\AppData\Local\Microsoft\WindowsApps;C:\Users\bonjour\AppData\Local\Programs\Microsoft VS Code\bin;C:\Users\bonjour\AppData\Local\Programs\Python\Python311;C:\Users\bonjour\AppData\Local\GitHubDesktop\bin;C:\Program Files\JetBrains\PyCharm Community Edition 2023.1.1\bin;
USERNAME=bonjour
OS=Windows_NT
PROCESSOR_IDENTIFIER=Intel64 Family 6 Model 78 Stepping 3, GenuineIntel
TMP=C:\Users\bonjour\AppData\Local\Temp
TEMP=C:\Users\bonjour\AppData\Local\Temp



---------------  S Y S T E M  ---------------

OS:
 Windows 10 , 64 bit Build 19041 (10.0.19041.2913)
OS uptime: 0 days 0:44 hours

CPU: total 4 (initial active 4) (2 cores per cpu, 2 threads per core) family 6 model 78 stepping 3 microcode 0xcc, cx8, cmov, fxsr, ht, mmx, 3dnowpref, sse, sse2, sse3, ssse3, sse4.1, sse4.2, popcnt, lzcnt, tsc, tscinvbit, avx, avx2, aes, erms, clmul, bmi1, bmi2, adx, fma, vzeroupper, clflush, clflushopt, rdtscp

Memory: 4k page, system-wide physical 3992M (279M free)
TotalPageFile size 16280M (AvailPageFile size 2M)
current process WorkingSet (physical memory assigned to process): 20M, peak: 20M
current process commit charge ("private bytes"): 123M, peak: 131M

vm_info: Java HotSpot(TM) 64-Bit Server VM (19.0.2+7-44) for windows-amd64 JRE (19.0.2+7-44), built on 2022-11-30T18:02:09Z by "mach5one" with MS VC++ 17.1 (VS2022)

END.
