#
# There is insufficient memory for the Java Runtime Environment to continue.
# Native memory allocation (malloc) failed to allocate 32744 bytes for Chunk::new
# Possible reasons:
#   The system is out of physical RAM or swap space
#   The process is running with CompressedOops enabled, and the Java Heap may be blocking the growth of the native heap
# Possible solutions:
#   Reduce memory load on the system
#   Increase physical memory or swap space
#   Check if swap backing store is full
#   Decrease Java heap size (-Xmx/-Xms)
#   Decrease number of Java threads
#   Decrease Java thread stack sizes (-Xss)
#   Set larger code cache with -XX:ReservedCodeCacheSize=
#   JVM is running with Unscaled Compressed Oops mode in which the Java heap is
#     placed in the first 4GB address space. The Java Heap base address is the
#     maximum limit for the native heap growth. Please use -XX:HeapBaseMinAddress
#     to set the Java Heap base and to place the Java Heap above 4GB virtual address.
# This output file may be truncated or incomplete.
#
#  Out of Memory Error (arena.cpp:184), pid=12216, tid=19392
#
# JRE version: Java(TM) SE Runtime Environment (19.0.2+7) (build 19.0.2+7-44)
# Java VM: Java HotSpot(TM) 64-Bit Server VM (19.0.2+7-44, mixed mode, tiered, compressed oops, compressed class ptrs, g1 gc, windows-amd64)
# No core dump will be written. Minidumps are not enabled by default on client versions of Windows
#

---------------  S U M M A R Y ------------

Command Line: -Dfile.encoding=UTF-8 --module-path=C:\Users\bonjour\eclipse-workspace\ProjetGestionHopitale\bin -XX:+ShowCodeDetailsInExceptionMessages -Djdk.module.main=ProjetGestionHopitale ProjetGestionHopitale/Main.Main

Host: Intel(R) Core(TM) m3-6Y30 CPU @ 0.90GHz, 4 cores, 3G,  Windows 10 , 64 bit Build 19041 (10.0.19041.2788)
Time: Mon Apr 24 18:00:46 2023 Paris, Madrid (heure duild 19041 (10.0.19041.2788) elapsed time: 0.453767 seconds (0d 0h 0m 0s)

---------------  T H R E A D  ---------------

Current thread (0x0000022a86407b50):  JavaThread "C1 CompilerThread0" daemon [_thread_in_native, id=19392, stack(0x0000009d3ed00000,0x0000009d3ee00000)]


Current CompileTask:
C1:    453  189       3       java.lang.Class::getPackageName (81 bytes)

Stack: [0x0000009d3ed00000,0x0000009d3ee00000]
Native frames: (J=compiled Java code, j=interpreted, Vv=VM code, C=native code)
V  [jvm.dll+0x6ee21a]
V  [jvm.dll+0x85765e]
V  [jvm.dll+0x85904e]
V  [jvm.dll+0x859703]
V  [jvm.dll+0x28298f]
V  [jvm.dll+0xc9adf]
V  [jvm.dll+0xc9e65]
V  [jvm.dll+0x6b0980]
V  [jvm.dll+0x6b154a]
V  [jvm.dll+0x6b0f90]
V  [jvm.dll+0x1ff71d]
V  [jvm.dll+0x170ce9]
V  [jvm.dll+0x164da4]
V  [jvm.dll+0x170938]
V  [jvm.dll+0x173997]
V  [jvm.dll+0x1733b5]
V  [jvm.dll+0x16ade5]
V  [jvm.dll+0x16d067]
V  [jvm.dll+0x16b675]
V  [jvm.dll+0x173e93]
V  [jvm.dll+0x1733b5]
V  [jvm.dll+0x16ade5]
V  [jvm.dll+0x16d067]
V  [jvm.dll+0x16b675]
V  [jvm.dll+0x165590]
V  [jvm.dll+0x174ff6]
V  [jvm.dll+0x160bb0]
V  [jvm.dll+0x160f23]
V  [jvm.dll+0x161208]
V  [jvm.dll+0x160666]
V  [jvm.dll+0x16235d]
V  [jvm.dll+0x25b25a]
V  [jvm.dll+0x2596e8]
V  [jvm.dll+0x807588]
V  [jvm.dll+0x80125a]
V  [jvm.dll+0x6ecf0b]
C  [ucrtbase.dll+0x21bb2]
C  [KERNEL32.DLL+0x17604]
C  [ntdll.dll+0x526a1]


---------------  P R O C E S S  ---------------

Threads class SMR info:
_java_thread_list=0x0000022a86669ce0, length=12, elements={
0x0000022ae61f20d0, 0x0000022a821e1440, 0x0000022a821e2b10, 0x0000022a821fcda0,
0x0000022a821fe6e0, 0x0000022a821e6d80, 0x0000022a86401560, 0x0000022a864071e0,
0x0000022a86407b50, 0x0000022a8640d910, 0x0000022a8640ee50, 0x0000022a8640fe40
}

Java Threads: ( => current thread )
  0x0000022ae61f20d0 JavaThread "main" [_thread_in_vm, id=18372, stack(0x0000009d3df00000,0x0000009d3e000000)]
  0x0000022a821e1440 JavaThread "Reference Handler" daemon [_thread_blocked, id=2212, stack(0x0000009d3e600000,0x0000009d3e700000)]
  0x0000022a821e2b10 JavaThread "Finalizer" daemon [_thread_blocked, id=14540, stack(0x0000009d3e700000,0x0000009d3e800000)]
  0x0000022a821fcda0 JavaThread "Signal Dispatcher" daemon [_thread_blocked, id=5788, stack(0x0000009d3e800000,0x0000009d3e900000)]
  0x0000022a821fe6e0 JavaThread "Attach Listener" daemon [_thread_blocked, id=14828, stack(0x0000009d3e900000,0x0000009d3ea00000)]
  0x0000022a821e6d80 JavaThread "Service Thread" daemon [_thread_blocked, id=14864, stack(0x0000009d3ea00000,0x0000009d3eb00000)]
  0x0000022a86401560 JavaThread "Monitor Deflation Thread" daemon [_thread_blocked, id=11712, stack(0x0000009d3eb00000,0x0000009d3ec00000)]
  0x0000022a864071e0 JavaThread "C2 CompilerThread0" daemon [_thread_blocked, id=18860, stack(0x0000009d3ec00000,0x0000009d3ed00000)]
=>0x0000022a86407b50 JavaThread "C1 CompilerThread0" daemon [_thread_in_native, id=19392, stack(0x0000009d3ed00000,0x0000009d3ee00000)]
  0x0000022a8640d910 JavaThread "Sweeper thread" daemon [_thread_blocked, id=8268, stack(0x0000009d3ee00000,0x0000009d3ef00000)]
  0x0000022a8640ee50 JavaThread "Common-Cleaner" daemon [_thread_blocked, id=15432, stack(0x0000009d3ef00000,0x0000009d3f000000)]
  0x0000022a8640fe40 JavaThread "Notification Thread" daemon [_thread_blocked, id=18388, stack(0x0000009d3f000000,0x0000009d3f100000)]

Other Threads:
  0x0000022a821798b0 VMThread "VM Thread" [stack: 0x0000009d3e500000,0x0000009d3e600000] [id=7832]
  0x0000022a866ad020 WatcherThread "VM Periodic Task Thread" [stack: 0x0000009d3f100000,0x0000009d3f200000] [id=4632]
  0x0000022ae6232450 WorkerThread "GC Thread#0" [stack: 0x0000009d3e000000,0x0000009d3e100000] [id=18000]
  0x0000022ae623cad0 ConcurrentGCThread "G1 Main Marker" [stack: 0x0000009d3e100000,0x0000009d3e200000] [id=8224]
  0x0000022ae623ed80 WorkerThread "G1 Conc#0" [stack: 0x0000009d3e200000,0x0000009d3e300000] [id=208]
  0x0000022ae62930a0 ConcurrentGCThread "G1 Refine#0" [stack: 0x0000009d3e300000,0x0000009d3e400000] [id=13132]
  0x0000022ae6293be0 ConcurrentGCThread "G1 Service" [stack: 0x0000009d3e400000,0x0000009d3e500000] [id=6844]

Threads with active compile tasks:
C1 CompilerThread0      563  189       3       java.lang.Class::getPackageName (81 bytes)

VM state: not at safepoint (normal execution)

VM Mutex/Monitor currently owned by a thread: None

Heap address: 0x00000000c1800000, size: 1000 MB, Compressed Oops mode: 32-bit

CDS archive(s) not mapped
Compressed class space mapped at: 0x0000000100000000-0x0000000140000000, reserved size: 1073741824
Narrow klass base: 0x0000000000000000, Narrow klass shift: 3, Narrow klass range: 0x140000000

GC Precious Log:
 CardTable entry size: 512
 Card Set container configuration: InlinePtr #cards 5 size 8 Array Of Cards #cards 12 size 40 Howl #buckets 4 coarsen threshold 1843 Howl Bitmap #cards 512 size 80 coarsen threshold 460 Card regions per heap region 1 cards per card region 2048
 CPUs: 4 total, 4 available
 Memory: 3992M
 Large Page Support: Disabled
 NUMA Support: Disabled
 Compressed Oops: Enabled (32-bit)
 Heap Region Size: 1M
 Heap Min Capacity: 8M
 Heap Initial Capacity: 64M
 Heap Max Capacity: 1000M
 Pre-touch: Disabled
 Parallel Workers: 4
 Concurrent Workers: 1
 Concurrent Refinement Workers: 4
 Periodic GC: Disabled

Heap:
 garbage-first heap   total 65536K, used 2048K [0x00000000c1800000, 0x0000000100000000)
  region size 1024K, 3 young (3072K), 0 survivors (0K)
 Metaspace       used 7938K, committed 8128K, reserved 1114112K
  class space    used 661K, committed 768K, reserved 1048576K

Heap Regions: E=young(eden), S=young(survivor), O=old, HS=humongous(starts), HC=humongous(continues), CS=collection set, F=free, OA=open archive, CA=closed archive, TAMS=top-at-mark-start (previous, next)
|   0|0x00000000c1800000, 0x00000000c1800000, 0x00000000c1900000|  0%| F|  |TAMS 0x00000000c1800000, 0x00000000c1800000| Untracked 
|   1|0x00000000c1900000, 0x00000000c1900000, 0x00000000c1a00000|  0%| F|  |TAMS 0x00000000c1900000, 0x00000000c1900000| Untracked 
|   2|0x00000000c1a00000, 0x00000000c1a00000, 0x00000000c1b00000|  0%| F|  |TAMS 0x00000000c1a00000, 0x00000000c1a00000| Untracked 
|   3|0x00000000c1b00000, 0x00000000c1b00000, 0x00000000c1c00000|  0%| F|  |TAMS 0x00000000c1b00000, 0x00000000c1b00000| Untracked 
|   4|0x00000000c1c00000, 0x00000000c1c00000, 0x00000000c1d00000|  0%| F|  |TAMS 0x00000000c1c00000, 0x00000000c1c00000| Untracked 
|   5|0x00000000c1d00000, 0x00000000c1d00000, 0x00000000c1e00000|  0%| F|  |TAMS 0x00000000c1d00000, 0x00000000c1d00000| Untracked 
|   6|0x00000000c1e00000, 0x00000000c1e00000, 0x00000000c1f00000|  0%| F|  |TAMS 0x00000000c1e00000, 0x00000000c1e00000| Untracked 
|   7|0x00000000c1f00000, 0x00000000c1f00000, 0x00000000c2000000|  0%| F|  |TAMS 0x00000000c1f00000, 0x00000000c1f00000| Untracked 
|   8|0x00000000c2000000, 0x00000000c2000000, 0x00000000c2100000|  0%| F|  |TAMS 0x00000000c2000000, 0x00000000c2000000| Untracked 
|   9|0x00000000c2100000, 0x00000000c2100000, 0x00000000c2200000|  0%| F|  |TAMS 0x00000000c2100000, 0x00000000c2100000| Untracked 
|  10|0x00000000c2200000, 0x00000000c2200000, 0x00000000c2300000|  0%| F|  |TAMS 0x00000000c2200000, 0x00000000c2200000| Untracked 
|  11|0x00000000c2300000, 0x00000000c2300000, 0x00000000c2400000|  0%| F|  |TAMS 0x00000000c2300000, 0x00000000c2300000| Untracked 
|  12|0x00000000c2400000, 0x00000000c2400000, 0x00000000c2500000|  0%| F|  |TAMS 0x00000000c2400000, 0x00000000c2400000| Untracked 
|  13|0x00000000c2500000, 0x00000000c2500000, 0x00000000c2600000|  0%| F|  |TAMS 0x00000000c2500000, 0x00000000c2500000| Untracked 
|  14|0x00000000c2600000, 0x00000000c2600000, 0x00000000c2700000|  0%| F|  |TAMS 0x00000000c2600000, 0x00000000c2600000| Untracked 
|  15|0x00000000c2700000, 0x00000000c2700000, 0x00000000c2800000|  0%| F|  |TAMS 0x00000000c2700000, 0x00000000c2700000| Untracked 
|  16|0x00000000c2800000, 0x00000000c2800000, 0x00000000c2900000|  0%| F|  |TAMS 0x00000000c2800000, 0x00000000c2800000| Untracked 
|  17|0x00000000c2900000, 0x00000000c2900000, 0x00000000c2a00000|  0%| F|  |TAMS 0x00000000c2900000, 0x00000000c2900000| Untracked 
|  18|0x00000000c2a00000, 0x00000000c2a00000, 0x00000000c2b00000|  0%| F|  |TAMS 0x00000000c2a00000, 0x00000000c2a00000| Untracked 
|  19|0x00000000c2b00000, 0x00000000c2b00000, 0x00000000c2c00000|  0%| F|  |TAMS 0x00000000c2b00000, 0x00000000c2b00000| Untracked 
|  20|0x00000000c2c00000, 0x00000000c2c00000, 0x00000000c2d00000|  0%| F|  |TAMS 0x00000000c2c00000, 0x00000000c2c00000| Untracked 
|  21|0x00000000c2d00000, 0x00000000c2d00000, 0x00000000c2e00000|  0%| F|  |TAMS 0x00000000c2d00000, 0x00000000c2d00000| Untracked 
|  22|0x00000000c2e00000, 0x00000000c2e00000, 0x00000000c2f00000|  0%| F|  |TAMS 0x00000000c2e00000, 0x00000000c2e00000| Untracked 
|  23|0x00000000c2f00000, 0x00000000c2f00000, 0x00000000c3000000|  0%| F|  |TAMS 0x00000000c2f00000, 0x00000000c2f00000| Untracked 
|  24|0x00000000c3000000, 0x00000000c3000000, 0x00000000c3100000|  0%| F|  |TAMS 0x00000000c3000000, 0x00000000c3000000| Untracked 
|  25|0x00000000c3100000, 0x00000000c3100000, 0x00000000c3200000|  0%| F|  |TAMS 0x00000000c3100000, 0x00000000c3100000| Untracked 
|  26|0x00000000c3200000, 0x00000000c3200000, 0x00000000c3300000|  0%| F|  |TAMS 0x00000000c3200000, 0x00000000c3200000| Untracked 
|  27|0x00000000c3300000, 0x00000000c3300000, 0x00000000c3400000|  0%| F|  |TAMS 0x00000000c3300000, 0x00000000c3300000| Untracked 
|  28|0x00000000c3400000, 0x00000000c3400000, 0x00000000c3500000|  0%| F|  |TAMS 0x00000000c3400000, 0x00000000c3400000| Untracked 
|  29|0x00000000c3500000, 0x00000000c3500000, 0x00000000c3600000|  0%| F|  |TAMS 0x00000000c3500000, 0x00000000c3500000| Untracked 
|  30|0x00000000c3600000, 0x00000000c3600000, 0x00000000c3700000|  0%| F|  |TAMS 0x00000000c3600000, 0x00000000c3600000| Untracked 
|  31|0x00000000c3700000, 0x00000000c3700000, 0x00000000c3800000|  0%| F|  |TAMS 0x00000000c3700000, 0x00000000c3700000| Untracked 
|  32|0x00000000c3800000, 0x00000000c3800000, 0x00000000c3900000|  0%| F|  |TAMS 0x00000000c3800000, 0x00000000c3800000| Untracked 
|  33|0x00000000c3900000, 0x00000000c3900000, 0x00000000c3a00000|  0%| F|  |TAMS 0x00000000c3900000, 0x00000000c3900000| Untracked 
|  34|0x00000000c3a00000, 0x00000000c3a00000, 0x00000000c3b00000|  0%| F|  |TAMS 0x00000000c3a00000, 0x00000000c3a00000| Untracked 
|  35|0x00000000c3b00000, 0x00000000c3b00000, 0x00000000c3c00000|  0%| F|  |TAMS 0x00000000c3b00000, 0x00000000c3b00000| Untracked 
|  36|0x00000000c3c00000, 0x00000000c3c00000, 0x00000000c3d00000|  0%| F|  |TAMS 0x00000000c3c00000, 0x00000000c3c00000| Untracked 
|  37|0x00000000c3d00000, 0x00000000c3d00000, 0x00000000c3e00000|  0%| F|  |TAMS 0x00000000c3d00000, 0x00000000c3d00000| Untracked 
|  38|0x00000000c3e00000, 0x00000000c3e00000, 0x00000000c3f00000|  0%| F|  |TAMS 0x00000000c3e00000, 0x00000000c3e00000| Untracked 
|  39|0x00000000c3f00000, 0x00000000c3f00000, 0x00000000c4000000|  0%| F|  |TAMS 0x00000000c3f00000, 0x00000000c3f00000| Untracked 
|  40|0x00000000c4000000, 0x00000000c4000000, 0x00000000c4100000|  0%| F|  |TAMS 0x00000000c4000000, 0x00000000c4000000| Untracked 
|  41|0x00000000c4100000, 0x00000000c4100000, 0x00000000c4200000|  0%| F|  |TAMS 0x00000000c4100000, 0x00000000c4100000| Untracked 
|  42|0x00000000c4200000, 0x00000000c4200000, 0x00000000c4300000|  0%| F|  |TAMS 0x00000000c4200000, 0x00000000c4200000| Untracked 
|  43|0x00000000c4300000, 0x00000000c4300000, 0x00000000c4400000|  0%| F|  |TAMS 0x00000000c4300000, 0x00000000c4300000| Untracked 
|  44|0x00000000c4400000, 0x00000000c4400000, 0x00000000c4500000|  0%| F|  |TAMS 0x00000000c4400000, 0x00000000c4400000| Untracked 
|  45|0x00000000c4500000, 0x00000000c4500000, 0x00000000c4600000|  0%| F|  |TAMS 0x00000000c4500000, 0x00000000c4500000| Untracked 
|  46|0x00000000c4600000, 0x00000000c4600000, 0x00000000c4700000|  0%| F|  |TAMS 0x00000000c4600000, 0x00000000c4600000| Untracked 
|  47|0x00000000c4700000, 0x00000000c4700000, 0x00000000c4800000|  0%| F|  |TAMS 0x00000000c4700000, 0x00000000c4700000| Untracked 
|  48|0x00000000c4800000, 0x00000000c4800000, 0x00000000c4900000|  0%| F|  |TAMS 0x00000000c4800000, 0x00000000c4800000| Untracked 
|  49|0x00000000c4900000, 0x00000000c4900000, 0x00000000c4a00000|  0%| F|  |TAMS 0x00000000c4900000, 0x00000000c4900000| Untracked 
|  50|0x00000000c4a00000, 0x00000000c4a00000, 0x00000000c4b00000|  0%| F|  |TAMS 0x00000000c4a00000, 0x00000000c4a00000| Untracked 
|  51|0x00000000c4b00000, 0x00000000c4b00000, 0x00000000c4c00000|  0%| F|  |TAMS 0x00000000c4b00000, 0x00000000c4b00000| Untracked 
|  52|0x00000000c4c00000, 0x00000000c4c00000, 0x00000000c4d00000|  0%| F|  |TAMS 0x00000000c4c00000, 0x00000000c4c00000| Untracked 
|  53|0x00000000c4d00000, 0x00000000c4d00000, 0x00000000c4e00000|  0%| F|  |TAMS 0x00000000c4d00000, 0x00000000c4d00000| Untracked 
|  54|0x00000000c4e00000, 0x00000000c4e00000, 0x00000000c4f00000|  0%| F|  |TAMS 0x00000000c4e00000, 0x00000000c4e00000| Untracked 
|  55|0x00000000c4f00000, 0x00000000c4f00000, 0x00000000c5000000|  0%| F|  |TAMS 0x00000000c4f00000, 0x00000000c4f00000| Untracked 
|  56|0x00000000c5000000, 0x00000000c5000000, 0x00000000c5100000|  0%| F|  |TAMS 0x00000000c5000000, 0x00000000c5000000| Untracked 
|  57|0x00000000c5100000, 0x00000000c5100000, 0x00000000c5200000|  0%| F|  |TAMS 0x00000000c5100000, 0x00000000c5100000| Untracked 
|  58|0x00000000c5200000, 0x00000000c5200000, 0x00000000c5300000|  0%| F|  |TAMS 0x00000000c5200000, 0x00000000c5200000| Untracked 
|  59|0x00000000c5300000, 0x00000000c5300000, 0x00000000c5400000|  0%| F|  |TAMS 0x00000000c5300000, 0x00000000c5300000| Untracked 
|  60|0x00000000c5400000, 0x00000000c5400000, 0x00000000c5500000|  0%| F|  |TAMS 0x00000000c5400000, 0x00000000c5400000| Untracked 
|  61|0x00000000c5500000, 0x00000000c55c8350, 0x00000000c5600000| 78%| E|  |TAMS 0x00000000c5500000, 0x00000000c5500000| Complete 
|  62|0x00000000c5600000, 0x00000000c5700000, 0x00000000c5700000|100%| E|CS|TAMS 0x00000000c5600000, 0x00000000c5600000| Complete 
|  63|0x00000000c5700000, 0x00000000c5800000, 0x00000000c5800000|100%| E|CS|TAMS 0x00000000c5700000, 0x00000000c5700000| Complete 

Card table byte_map: [0x0000022afd360000,0x0000022afd560000] _byte_map_base: 0x0000022afcd54000

Marking Bits (Prev, Next): (CMBitMap*) 0x0000022ae6233a90, (CMBitMap*) 0x0000022ae6233ad0
 Prev Bits: [0x0000022afd760000, 0x0000022afe700000)
 Next Bits: [0x0000022afe700000, 0x0000022aff6a0000)

Polling page: 0x0000022ae4020000

Metaspace:

Usage:
  Non-class:      7.11 MB used.
      Class:    661.10 KB used.
       Both:      7.75 MB used.

Virtual space:
  Non-class space:       64.00 MB reserved,       7.19 MB ( 11%) committed,  1 nodes.
      Class space:        1.00 GB reserved,     768.00 KB ( <1%) committed,  1 nodes.
             Both:        1.06 GB reserved,       7.94 MB ( <1%) committed. 

Chunk freelists:
   Non-Class:  448.00 KB
       Class:  3.24 MB
        Both:  3.68 MB

MaxMetaspaceSize: unlimited
CompressedClassSpaceSize: 1.00 GB
Initial GC threshold: 21.00 MB
Current GC threshold: 21.00 MB
CDS: off
MetaspaceReclaimPolicy: balanced
 - commit_granule_bytes: 65536.
 - commit_granule_words: 8192.
 - virtual_space_node_default_size: 8388608.
 - enlarge_chunks_in_place: 1.
 - new_chunks_are_fully_committed: 0.
 - uncommit_free_chunks: 1.
 - use_allocation_guard: 0.


Internal statistics:

num_allocs_failed_limit: 0.
num_arena_births: 14.
num_arena_deaths: 0.
num_vsnodes_births: 2.
num_vsnodes_deaths: 0.
num_space_committed: 127.
num_space_uncommitted: 0.
num_chunks_returned_to_freelist: 0.
num_chunks_taken_from_freelist: 36.
num_chunk_merges: 0.
num_chunk_splits: 16.
num_chunks_enlarged: 9.
num_inconsistent_stats: 0.

CodeHeap 'non-profiled nmethods': size=120000Kb used=69Kb max_used=69Kb free=119930Kb
 bounds [0x0000022af5c30000, 0x0000022af5ea0000, 0x0000022afd160000]
CodeHeap 'profiled nmethods': size=120000Kb used=233Kb max_used=233Kb free=119766Kb
 bounds [0x0000022aee160000, 0x0000022aee3d0000, 0x0000022af5690000]
CodeHeap 'non-nmethods': size=5760Kb used=1205Kb max_used=1213Kb free=4554Kb
 bounds [0x0000022af5690000, 0x0000022af5900000, 0x0000022af5c30000]
 total_blobs=607 nmethods=204 adapters=314
 compilation: enabled
              stopped_count=0, restarted_count=0
 full_count=0

Compilation events (20 events):
Event: 0.431 Thread 0x0000022a864071e0  178       4       java.util.HashMap::putVal (300 bytes)
Event: 0.433 Thread 0x0000022a86407b50  180       1       java.lang.module.ModuleDescriptor$Provides::service (5 bytes)
Event: 0.433 Thread 0x0000022a86407b50 nmethod 180 0x0000022af5c3c290 code [0x0000022af5c3c420, 0x0000022af5c3c4d8]
Event: 0.433 Thread 0x0000022a86407b50  181       3       java.util.HashMap$HashIterator::<init> (79 bytes)
Event: 0.434 Thread 0x0000022a86407b50 nmethod 181 0x0000022aee197b90 code [0x0000022aee197d60, 0x0000022aee198198]
Event: 0.434 Thread 0x0000022a86407b50  182       3       java.lang.AbstractStringBuilder::newCapacity (59 bytes)
Event: 0.434 Thread 0x0000022a86407b50 nmethod 182 0x0000022aee198310 code [0x0000022aee1984e0, 0x0000022aee1988d8]
Event: 0.449 Thread 0x0000022a86407b50  183       3       java.lang.String::charAt (25 bytes)
Event: 0.449 Thread 0x0000022a86407b50 nmethod 183 0x0000022aee198a90 code [0x0000022aee198c80, 0x0000022aee1991d8]
Event: 0.449 Thread 0x0000022a86407b50  185       3       java.lang.AbstractStringBuilder::<init> (39 bytes)
Event: 0.450 Thread 0x0000022a86407b50 nmethod 185 0x0000022aee199410 code [0x0000022aee1995c0, 0x0000022aee199838]
Event: 0.450 Thread 0x0000022a86407b50  184       3       java.lang.ref.Reference::<init> (25 bytes)
Event: 0.450 Thread 0x0000022a86407b50 nmethod 184 0x0000022aee199910 code [0x0000022aee199ac0, 0x0000022aee199d38]
Event: 0.450 Thread 0x0000022a86407b50  186       3       java.lang.StringBuilder::toString (9 bytes)
Event: 0.450 Thread 0x0000022a86407b50 nmethod 186 0x0000022aee199e10 code [0x0000022aee199fc0, 0x0000022aee19a1c8]
Event: 0.450 Thread 0x0000022a86407b50  187       3       java.lang.String::<init> (7 bytes)
Event: 0.450 Thread 0x0000022a86407b50 nmethod 187 0x0000022aee19a290 code [0x0000022aee19a440, 0x0000022aee19a588]
Event: 0.450 Thread 0x0000022a86407b50  188       1       sun.nio.fs.WindowsPath::getFileSystem (5 bytes)
Event: 0.451 Thread 0x0000022a86407b50 nmethod 188 0x0000022af5c3c590 code [0x0000022af5c3c720, 0x0000022af5c3c7d8]
Event: 0.451 Thread 0x0000022a86407b50  189       3       java.lang.Class::getPackageName (81 bytes)

GC Heap History (0 events):
No events

Dll operation events (4 events):
Event: 0.016 Loaded shared library C:\Program Files\Java\jdk-19\bin\java.dll
Event: 0.133 Loaded shared library C:\Program Files\Java\jdk-19\bin\jsvml.dll
Event: 0.365 Loaded shared library C:\Program Files\Java\jdk-19\bin\net.dll
Event: 0.368 Loaded shared library C:\Program Files\Java\jdk-19\bin\nio.dll

Deoptimization events (4 events):
Event: 0.442 Thread 0x0000022ae61f20d0 Uncommon trap: trap_request=0xffffff45 fr.pc=0x0000022af5c36ec8 relative=0x00000000000000a8
Event: 0.442 Thread 0x0000022ae61f20d0 Uncommon trap: reason=unstable_if action=reinterpret pc=0x0000022af5c36ec8 method=java.lang.String.isLatin1()Z @ 10 c2
Event: 0.442 Thread 0x0000022ae61f20d0 DEOPT PACKING pc=0x0000022af5c36ec8 sp=0x0000009d3dffede0
Event: 0.442 Thread 0x0000022ae61f20d0 DEOPT UNPACKING pc=0x0000022af56f6da3 sp=0x0000009d3dffed20 mode 2

Classes loaded (20 events):
Event: 0.445 Loading class java/security/BasicPermission
Event: 0.445 Loading class java/security/Permission
Event: 0.445 Loading class java/security/Guard
Event: 0.445 Loading class java/security/Guard done
Event: 0.445 Loading class java/security/Permission done
Event: 0.445 Loading class java/security/BasicPermission done
Event: 0.446 Loading class java/lang/RuntimePermission done
Event: 0.446 Loading class java/security/BasicPermissionCollection
Event: 0.446 Loading class java/security/BasicPermissionCollection done
Event: 0.446 Loading class java/security/AllPermission
Event: 0.446 Loading class java/security/AllPermission done
Event: 0.446 Loading class java/security/UnresolvedPermission
Event: 0.447 Loading class java/security/UnresolvedPermission done
Event: 0.447 Loading class java/security/SecureClassLoader$DebugHolder
Event: 0.447 Loading class java/security/SecureClassLoader$DebugHolder done
Event: 0.447 Loading class sun/security/util/Debug
Event: 0.447 Loading class sun/security/util/Debug done
Event: 0.448 Loading class java/lang/NamedPackage
Event: 0.448 Loading class java/lang/NamedPackage done
Event: 0.451 Loading class java/util/Scanner

Classes unloaded (0 events):
No events

Classes redefined (0 events):
No events

Internal exceptions (1 events):
Event: 0.389 Thread 0x0000022ae61f20d0 Exception <a 'java/lang/NoSuchMethodError'{0x00000000c5637778}: 'void java.lang.invoke.DirectMethodHandle$Holder.invokeVirtual(java.lang.Object, java.lang.Object)'> (0x00000000c5637778) 
thrown [s\open\src\hotspot\share\interpreter\linkResolver.cpp, line 774]

VM Operations (2 events):
Event: 0.416 Executing VM operation: HandshakeAllThreads
Event: 0.416 Executing VM operation: HandshakeAllThreads done

Events (12 events):
Event: 0.134 Thread 0x0000022ae61f20d0 Thread added: 0x0000022ae61f20d0
Event: 0.218 Thread 0x0000022a821e1440 Thread added: 0x0000022a821e1440
Event: 0.218 Thread 0x0000022a821e2b10 Thread added: 0x0000022a821e2b10
Event: 0.221 Thread 0x0000022a821fcda0 Thread added: 0x0000022a821fcda0
Event: 0.221 Thread 0x0000022a821fe6e0 Thread added: 0x0000022a821fe6e0
Event: 0.221 Thread 0x0000022a821e6d80 Thread added: 0x0000022a821e6d80
Event: 0.221 Thread 0x0000022a86401560 Thread added: 0x0000022a86401560
Event: 0.221 Thread 0x0000022a864071e0 Thread added: 0x0000022a864071e0
Event: 0.222 Thread 0x0000022a86407b50 Thread added: 0x0000022a86407b50
Event: 0.222 Thread 0x0000022a8640d910 Thread added: 0x0000022a8640d910
Event: 0.344 Thread 0x0000022a8640ee50 Thread added: 0x0000022a8640ee50
Event: 0.435 Thread 0x0000022a8640fe40 Thread added: 0x0000022a8640fe40


Dynamic libraries:
0x00007ff65faa0000 - 0x00007ff65fab0000 	C:\Program Files\Java\jdk-19\bin\javaw.exe
0x00007ff897170000 - 0x00007ff897368000 	C:\WINDOWS\SYSTEM32\ntdll.dll
0x00007ff882510000 - 0x00007ff882529000 	C:\Program Files\Avast Software\Avast\aswhook.dll
0x00007ff896e00000 - 0x00007ff896ebf000 	C:\WINDOWS\System32\KERNEL32.DLL
0x00007ff894cc0000 - 0x00007ff894f9a000 	C:\WINDOWS\System32\KERNELBASE.dll
0x00007ff894950000 - 0x00007ff894a50000 	C:\WINDOWS\System32\ucrtbase.dll
0x00007ff8705f0000 - 0x00007ff87060b000 	C:\Program Files\Java\jdk-19\bin\VCRUNTIME140.dll
0x00007ff878bb0000 - 0x00007ff878bc8000 	C:\Program Files\Java\jdk-19\bin\jli.dll
0x00007ff895690000 - 0x00007ff89573e000 	C:\WINDOWS\System32\ADVAPI32.dll
0x00007ff895ca0000 - 0x00007ff895d3e000 	C:\WINDOWS\System32\msvcrt.dll
0x00007ff8951d0000 - 0x00007ff89526c000 	C:\WINDOWS\System32\sechost.dll
0x00007ff895330000 - 0x00007ff895456000 	C:\WINDOWS\System32\RPCRT4.dll
0x00007ff895d40000 - 0x00007ff895edd000 	C:\WINDOWS\System32\USER32.dll
0x00007ff894880000 - 0x00007ff8948a2000 	C:\WINDOWS\System32\win32u.dll
0x00007ff895f60000 - 0x00007ff895f8b000 	C:\WINDOWS\System32\GDI32.dll
0x00007ff8950c0000 - 0x00007ff8951d0000 	C:\WINDOWS\System32\gdi32full.dll
0x00007ff884180000 - 0x00007ff88441a000 	C:\WINDOWS\WinSxS\amd64_microsoft.windows.common-controls_6595b64144ccf1df_6.0.19041.1110_none_60b5254171f9507e\COMCTL32.dll
0x00007ff8948b0000 - 0x00007ff89494d000 	C:\WINDOWS\System32\msvcp_win.dll
0x00007ff88d3e0000 - 0x00007ff88d3ea000 	C:\WINDOWS\SYSTEM32\VERSION.dll
0x00007ff895300000 - 0x00007ff895330000 	C:\WINDOWS\System32\IMM32.DLL
0x00007ff8873e0000 - 0x00007ff8873ec000 	C:\Program Files\Java\jdk-19\bin\vcruntime140_1.dll
0x00007ff860260000 - 0x00007ff8602ee000 	C:\Program Files\Java\jdk-19\bin\msvcp140.dll
0x00007ff839b80000 - 0x00007ff83a840000 	C:\Program Files\Java\jdk-19\bin\server\jvm.dll
0x00007ff87f9c0000 - 0x00007ff87f9e7000 	C:\WINDOWS\SYSTEM32\WINMM.dll
0x00007ff8802a0000 - 0x00007ff8802a9000 	C:\WINDOWS\SYSTEM32\WSOCK32.dll
0x00007ff895ef0000 - 0x00007ff895f5b000 	C:\WINDOWS\System32\WS2_32.dll
0x00007ff8930d0000 - 0x00007ff8930e2000 	C:\WINDOWS\SYSTEM32\kernel.appcore.dll
0x00007ff885010000 - 0x00007ff88501a000 	C:\Program Files\Java\jdk-19\bin\jimage.dll
0x00007ff8881d0000 - 0x00007ff8883b4000 	C:\WINDOWS\SYSTEM32\DBGHELP.DLL
0x00007ff885f20000 - 0x00007ff885f54000 	C:\WINDOWS\SYSTEM32\dbgcore.DLL
0x00007ff894c00000 - 0x00007ff894c82000 	C:\WINDOWS\System32\bcryptPrimitives.dll
0x00007ff860230000 - 0x00007ff860256000 	C:\Program Files\Java\jdk-19\bin\java.dll
0x00007ff85d7a0000 - 0x00007ff85d877000 	C:\Program Files\Java\jdk-19\bin\jsvml.dll
0x00007ff896580000 - 0x00007ff896cc4000 	C:\WINDOWS\System32\SHELL32.dll
0x00007ff892760000 - 0x00007ff892ef3000 	C:\WINDOWS\SYSTEM32\windows.storage.dll
0x00007ff8961c0000 - 0x00007ff896514000 	C:\WINDOWS\System32\combase.dll
0x00007ff894200000 - 0x00007ff89422e000 	C:\WINDOWS\SYSTEM32\Wldp.dll
0x00007ff8955e0000 - 0x00007ff89568d000 	C:\WINDOWS\System32\SHCORE.dll
0x00007ff895460000 - 0x00007ff8954b5000 	C:\WINDOWS\System32\shlwapi.dll
0x00007ff8947c0000 - 0x00007ff8947df000 	C:\WINDOWS\SYSTEM32\profapi.dll
0x00007ff86aaf0000 - 0x00007ff86ab03000 	C:\Program Files\Java\jdk-19\bin\net.dll
0x00007ff8845b0000 - 0x00007ff8846ba000 	C:\WINDOWS\SYSTEM32\WINHTTP.dll
0x00007ff893f60000 - 0x00007ff893fca000 	C:\WINDOWS\system32\mswsock.dll
0x00007ff8627f0000 - 0x00007ff862806000 	C:\Program Files\Java\jdk-19\bin\nio.dll

dbghelp: loaded successfully - version: 4.0.5 - missing functions: none
symbol engine: initialized successfully - sym options: 0x614 - pdb path: .;C:\Program Files\Java\jdk-19\bin;C:\WINDOWS\SYSTEM32;C:\Program Files\Avast Software\Avast;C:\WINDOWS\WinSxS\amd64_microsoft.windows.common-controls_6595b64144ccf1df_6.0.19041.1110_none_60b5254171f9507e;C:\Program Files\Java\jdk-19\bin\server

VM Arguments:
jvm_args: -Dfile.encoding=UTF-8 --module-path=C:\Users\bonjour\eclipse-workspace\ProjetGestionHopitale\bin -XX:+ShowCodeDetailsInExceptionMessages -Djdk.module.main=ProjetGestionHopitale 
java_command: ProjetGestionHopitale/Main.Main
java_class_path (initial): <not set>
Launcher Type: SUN_STANDARD

[Global flags]
     intx CICompilerCount                          = 3                                         {product} {ergonomic}
     uint ConcGCThreads                            = 1                                         {product} {ergonomic}
     uint G1ConcRefinementThreads                  = 4                                         {product} {ergonomic}
   size_t G1HeapRegionSize                         = 1048576                                   {product} {ergonomic}
    uintx GCDrainStackTargetSize                   = 64                                        {product} {ergonomic}
   size_t InitialHeapSize                          = 67108864                                  {product} {ergonomic}
   size_t MarkStackSize                            = 4194304                                   {product} {ergonomic}
   size_t MaxHeapSize                              = 1048576000                                {product} {ergonomic}
   size_t MaxNewSize                               = 629145600                                 {product} {ergonomic}
   size_t MinHeapDeltaBytes                        = 1048576                                   {product} {ergonomic}
   size_t MinHeapSize                              = 8388608                                   {product} {ergonomic}
    uintx NonNMethodCodeHeapSize                   = 5832780                                {pd product} {ergonomic}
    uintx NonProfiledCodeHeapSize                  = 122912730                              {pd product} {ergonomic}
    uintx ProfiledCodeHeapSize                     = 122912730                              {pd product} {ergonomic}
    uintx ReservedCodeCacheSize                    = 251658240                              {pd product} {ergonomic}
     bool SegmentedCodeCache                       = true                                      {product} {ergonomic}
     bool ShowCodeDetailsInExceptionMessages       = true                                   {manageable} {command line}
   size_t SoftMaxHeapSize                          = 1048576000                             {manageable} {ergonomic}
     bool UseCompressedClassPointers               = true                           {product lp64_product} {ergonomic}
     bool UseCompressedOops                        = true                           {product lp64_product} {ergonomic}
     bool UseG1GC                                  = true                                      {product} {ergonomic}
     bool UseLargePagesIndividualAllocation        = false                                  {pd product} {ergonomic}

Logging:
Log output configuration:
 #0: stdout all=warning uptime,level,tags foldmultilines=false
 #1: stderr all=off uptime,level,tags foldmultilines=false

Environment Variables:
PATH=C:\Program Files\Common Files\Oracle\Java\javapath;C:\Program Files (x86)\Intel\iCLS Client\;C:\Program Files\Intel\iCLS Client\;C:\WINDOWS\system32;C:\WINDOWS;C:\WINDOWS\System32\Wbem;C:\WINDOWS\System32\WindowsPowerShell\v1.0\;C:\Program Files (x86)\Intel\Intel(R) Management Engine Components\DAL;C:\Program Files\Intel\Intel(R) Management Engine Components\DAL;C:\Program Files (x86)\Intel\Intel(R) Management Engine Components\IPT;C:\Program Files\Intel\Intel(R) Management Engine Components\IPT;C:\Program Files\Intel\WiFi\bin\;C:\Program Files\Common Files\Intel\WirelessCommon\;C:\WINDOWS\System32\OpenSSH\;C:\Program Files\dotnet\;C:\Program Files\Java\jdk-19\bin;C:\Users\bonjour\AppData\Local\Microsoft\WindowsApps;C:\Users\bonjour\AppData\Local\Programs\Microsoft VS Code\bin;C:\Users\bonjour\AppData\Local\Programs\Python\Python311;
USERNAME=bonjour
OS=Windows_NT
PROCESSOR_IDENTIFIER=Intel64 Family 6 Model 78 Stepping 3, GenuineIntel
TMP=C:\Users\bonjour\AppData\Local\Temp
TEMP=C:\Users\bonjour\AppData\Local\Temp



---------------  S Y S T E M  ---------------

OS:
 Windows 10 , 64 bit Build 19041 (10.0.19041.2788)
OS uptime: 3 days 0:29 hours

CPU: total 4 (initial active 4) (2 cores per cpu, 2 threads per core) family 6 model 78 stepping 3 microcode 0xcc, cx8, cmov, fxsr, ht, mmx, 3dnowpref, sse, sse2, sse3, ssse3, sse4.1, sse4.2, popcnt, lzcnt, tsc, tscinvbit, avx, avx2, aes, erms, clmul, bmi1, bmi2, adx, fma, vzeroupper, clflush, clflushopt, rdtscp

Memory: 4k page, system-wide physical 3992M (556M free)
TotalPageFile size 16280M (AvailPageFile size 0M)
current process WorkingSet (physical memory assigned to process): 34M, peak: 34M
current process commit charge ("private bytes"): 133M, peak: 133M

vm_info: Java HotSpot(TM) 64-Bit Server VM (19.0.2+7-44) for windows-amd64 JRE (19.0.2+7-44), built on 2022-11-30T18:02:09Z by "mach5one" with MS VC++ 17.1 (VS2022)

END.
